\BOOKMARK [0][-]{chapter.1}{Einleitung}{}% 1
\BOOKMARK [1][-]{section.1.1}{Problemstellung}{chapter.1}% 2
\BOOKMARK [1][-]{section.1.2}{Zielsetzung}{chapter.1}% 3
\BOOKMARK [1][-]{section.1.3}{Vorgehensweise}{chapter.1}% 4
\BOOKMARK [0][-]{chapter.2}{Problemanalyse}{}% 5
\BOOKMARK [0][-]{chapter.3}{Grundlagen}{}% 6
\BOOKMARK [0][-]{chapter.4}{Architektur}{}% 7
\BOOKMARK [0][-]{chapter.5}{Aspekte der Realisierung}{}% 8
\BOOKMARK [1][-]{section.5.1}{Entwicklungsumgebung}{chapter.5}% 9
\BOOKMARK [0][-]{chapter.6}{Realisierung der serverseitigen Implementierung}{}% 10
\BOOKMARK [0][-]{chapter.7}{Realisierung der clientseitigen Implementierung als native App}{}% 11
\BOOKMARK [0][-]{chapter.8}{Realisierung der clientseitigen Implementierung als Webapplikation}{}% 12
\BOOKMARK [0][-]{chapter.9}{Gegen\374berstellung der clientseitigen Implementierungen}{}% 13
\BOOKMARK [0][-]{chapter.10}{Fazit}{}% 14
\BOOKMARK [1][-]{section.10.1}{Ziele / Ergebnisse}{chapter.10}% 15
\BOOKMARK [1][-]{section.10.2}{Erkenntnisse}{chapter.10}% 16
\BOOKMARK [1][-]{section.10.3}{Ausblick}{chapter.10}% 17
\BOOKMARK [0][-]{chapter*.4}{Abbildungsverzeichnis}{}% 18
\BOOKMARK [0][-]{chapter*.5}{Tabellenverzeichnis}{}% 19
\BOOKMARK [0][-]{chapter*.6}{Quelltextverzeichnis}{}% 20
\BOOKMARK [0][-]{appendix*.7}{Literaturverzeichnis}{}% 21
\BOOKMARK [0][-]{appendix.A}{Eidesstattliche Erkl\344rung}{}% 22
